2016-11-24 15:59:37,598 - db.py:20 - tst - first info message
2016-11-24 15:59:37,598 - db.py:21 - tst - first debug message
2016-11-24 15:59:59,294 - db.py:20 - tst - first info message
2016-11-24 15:59:59,294 - db.py:21 - tst - first debug message
2016-11-28 00:09:03,903 - db.py:174 - tst - Init mysql <0x7f2c6d7656d0> ok.
2016-11-28 00:09:03,922 - db.py:136 - tst - open lazy connection
2016-11-28 01:22:57,714 - test3.py:165 - tst - Database loads folder : /home
2016-11-28 01:23:02,072 - test3.py:165 - tst - Database loads folder : /hom
2016-11-28 01:24:20,955 - test3.py:166 - tst - Database loads folder : /home/changjie
2016-11-28 02:16:18,724 - test3.py:186 - tst - Database loads folder : /home/changjie/Downloads/KAN/KanCloud4
2016-11-28 02:20:03,172 - test3.py:186 - tst - Database loads folder : /home/changjie/Downloads/KAN/KanCloud4
2016-11-28 02:21:53,504 - test3.py:186 - tst - Database loads folder : /home/changjie/Downloads/KAN/KanCloud4
2016-11-28 02:22:59,649 - test3.py:195 - tst - Database added 1779 books.
2016-11-28 03:34:01,122 - BookManager.py:213 - tst - Database loads folder : /home/changjie/Downloads/KAN/KanCloud4
2016-11-28 03:35:07,771 - BookManager.py:222 - tst - Database added 1779 books.
2016-11-28 04:28:15,341 - BookManager.py:234 - tst - Database loads folder : /home/changjie/Downloads/KAN/KanCloud4
2016-11-28 04:28:56,555 - BookManager.py:234 - tst - Database loads folder : /home/changjie/Downloads/KAN/KanCloud4
2016-11-28 04:30:00,907 - BookManager.py:243 - tst - Database added 1779 books.
2016-11-28 05:05:22,604 - BookManager.py:237 - tst - Database loads folder : /media/changjie/Windows/E/Onedrive/ebooks/Optimization
2016-11-28 05:05:23,502 - BookManager.py:246 - tst - Database added 25 books.
2016-11-29 13:05:47,654 - mainWindow.py:254 - tst - Database loads folder : /home/changjie/Downloads/FreeEbooks
2016-11-29 13:06:04,418 - mainWindow.py:262 - tst - Database added 488 books.
2016-12-05 14:46:01,915 - mainWindow.py:291 - tst - Database loads folder : /media/changjie/Windows/E/Onedrive/ebooks/Programming languages
2016-12-05 14:46:05,109 - mainWindow.py:299 - tst - Database added 57 books.
2016-12-05 14:48:39,997 - mainWindow.py:291 - tst - Database loads folder : /media/changjie/Windows/E/Onedrive/ebooks/Linux
2016-12-05 14:48:40,263 - mainWindow.py:299 - tst - Database added 8 books.
2016-12-05 15:14:58,296 - mainWindow.py:291 - tst - Database loads folder : /media/changjie/Windows/E/Onedrive/ebooks/System Identification
2016-12-05 15:15:00,000 - mainWindow.py:299 - tst - Database added 34 books.
2016-12-05 15:16:43,853 - mainWindow.py:291 - tst - Database loads folder : /media/changjie/Windows/E/Onedrive/ebooks/CONTROL
2016-12-05 15:17:02,346 - mainWindow.py:299 - tst - Database added 214 books.
